Analysis & Synthesis report for top
Tue Feb  6 15:07:44 2024
Quartus Prime Version 21.1.0 Build 842 10/21/2021 SJ Lite Edition


---------------------
; Table of Contents ;
---------------------
  1. Legal Notice
  2. Analysis & Synthesis Summary
  3. Analysis & Synthesis Settings
  4. Parallel Compilation
  5. Analysis & Synthesis Source Files Read
  6. Analysis & Synthesis Resource Usage Summary
  7. Analysis & Synthesis Resource Utilization by Entity
  8. State Machine - |top|current_state
  9. State Machine - |top|uart_rx:uart_receiver_inst|state
 10. Registers Removed During Synthesis
 11. Removed Registers Triggering Further Register Optimizations
 12. General Register Statistics
 13. Multiplexer Restructuring Statistics (Restructuring Performed)
 14. Parameter Settings for User Entity Instance: uart_rx:uart_receiver_inst
 15. Parameter Settings for User Entity Instance: i2s_tx:i2s_transmitter_inst
 16. Parameter Settings for User Entity Instance: ax_debounce:ax_debounce_a0
 17. Parameter Settings for User Entity Instance: ax_debounce:ax_debounce_a1
 18. Parameter Settings for User Entity Instance: ax_debounce:ax_debounce_a2
 19. Port Connectivity Checks: "ax_debounce:ax_debounce_a2"
 20. Port Connectivity Checks: "ax_debounce:ax_debounce_a1"
 21. Port Connectivity Checks: "ax_debounce:ax_debounce_a0"
 22. Port Connectivity Checks: "i2s_tx:i2s_transmitter_inst"
 23. Post-Synthesis Netlist Statistics for Top Partition
 24. Elapsed Time Per Partition
 25. Analysis & Synthesis Messages



----------------
; Legal Notice ;
----------------
Copyright (C) 2021  Intel Corporation. All rights reserved.
Your use of Intel Corporation's design tools, logic functions 
and other software and tools, and any partner logic 
functions, and any output files from any of the foregoing 
(including device programming or simulation files), and any 
associated documentation or information are expressly subject 
to the terms and conditions of the Intel Program License 
Subscription Agreement, the Intel Quartus Prime License Agreement,
the Intel FPGA IP License Agreement, or other applicable license
agreement, including, without limitation, that your use is for
the sole purpose of programming logic devices manufactured by
Intel and sold by Intel or its authorized distributors.  Please
refer to the applicable agreement for further details, at
https://fpgasoftware.intel.com/eula.



+----------------------------------------------------------------------------------+
; Analysis & Synthesis Summary                                                     ;
+------------------------------------+---------------------------------------------+
; Analysis & Synthesis Status        ; Successful - Tue Feb  6 15:07:44 2024       ;
; Quartus Prime Version              ; 21.1.0 Build 842 10/21/2021 SJ Lite Edition ;
; Revision Name                      ; top                                         ;
; Top-level Entity Name              ; top                                         ;
; Family                             ; Cyclone IV E                                ;
; Total logic elements               ; 0                                           ;
;     Total combinational functions  ; 0                                           ;
;     Dedicated logic registers      ; 0                                           ;
; Total registers                    ; 0                                           ;
; Total pins                         ; 90                                          ;
; Total virtual pins                 ; 0                                           ;
; Total memory bits                  ; 0                                           ;
; Embedded Multiplier 9-bit elements ; 0                                           ;
; Total PLLs                         ; 0                                           ;
+------------------------------------+---------------------------------------------+


+------------------------------------------------------------------------------------------------------------+
; Analysis & Synthesis Settings                                                                              ;
+------------------------------------------------------------------+--------------------+--------------------+
; Option                                                           ; Setting            ; Default Value      ;
+------------------------------------------------------------------+--------------------+--------------------+
; Device                                                           ; EP4CE6F17C8L       ;                    ;
; Top-level entity name                                            ; top                ; top                ;
; Family name                                                      ; Cyclone IV E       ; Cyclone V          ;
; Verilog Show LMF Mapping Messages                                ; Off                ;                    ;
; Verilog Version                                                  ; SystemVerilog_2005 ; Verilog_2001       ;
; Use smart compilation                                            ; Off                ; Off                ;
; Enable parallel Assembler and Timing Analyzer during compilation ; On                 ; On                 ;
; Enable compact report table                                      ; Off                ; Off                ;
; Restructure Multiplexers                                         ; Auto               ; Auto               ;
; Create Debugging Nodes for IP Cores                              ; Off                ; Off                ;
; Preserve fewer node names                                        ; On                 ; On                 ;
; Intel FPGA IP Evaluation Mode                                    ; Enable             ; Enable             ;
; VHDL Version                                                     ; VHDL_1993          ; VHDL_1993          ;
; State Machine Processing                                         ; Auto               ; Auto               ;
; Safe State Machine                                               ; Off                ; Off                ;
; Extract Verilog State Machines                                   ; On                 ; On                 ;
; Extract VHDL State Machines                                      ; On                 ; On                 ;
; Ignore Verilog initial constructs                                ; Off                ; Off                ;
; Iteration limit for constant Verilog loops                       ; 5000               ; 5000               ;
; Iteration limit for non-constant Verilog loops                   ; 250                ; 250                ;
; Add Pass-Through Logic to Inferred RAMs                          ; On                 ; On                 ;
; Infer RAMs from Raw Logic                                        ; On                 ; On                 ;
; Parallel Synthesis                                               ; On                 ; On                 ;
; DSP Block Balancing                                              ; Auto               ; Auto               ;
; NOT Gate Push-Back                                               ; On                 ; On                 ;
; Power-Up Don't Care                                              ; On                 ; On                 ;
; Remove Redundant Logic Cells                                     ; Off                ; Off                ;
; Remove Duplicate Registers                                       ; On                 ; On                 ;
; Ignore CARRY Buffers                                             ; Off                ; Off                ;
; Ignore CASCADE Buffers                                           ; Off                ; Off                ;
; Ignore GLOBAL Buffers                                            ; Off                ; Off                ;
; Ignore ROW GLOBAL Buffers                                        ; Off                ; Off                ;
; Ignore LCELL Buffers                                             ; Off                ; Off                ;
; Ignore SOFT Buffers                                              ; On                 ; On                 ;
; Limit AHDL Integers to 32 Bits                                   ; Off                ; Off                ;
; Optimization Technique                                           ; Balanced           ; Balanced           ;
; Carry Chain Length                                               ; 70                 ; 70                 ;
; Auto Carry Chains                                                ; On                 ; On                 ;
; Auto Open-Drain Pins                                             ; On                 ; On                 ;
; Perform WYSIWYG Primitive Resynthesis                            ; Off                ; Off                ;
; Auto ROM Replacement                                             ; On                 ; On                 ;
; Auto RAM Replacement                                             ; On                 ; On                 ;
; Auto DSP Block Replacement                                       ; On                 ; On                 ;
; Auto Shift Register Replacement                                  ; Auto               ; Auto               ;
; Allow Shift Register Merging across Hierarchies                  ; Auto               ; Auto               ;
; Auto Clock Enable Replacement                                    ; On                 ; On                 ;
; Strict RAM Replacement                                           ; Off                ; Off                ;
; Allow Synchronous Control Signals                                ; On                 ; On                 ;
; Force Use of Synchronous Clear Signals                           ; Off                ; Off                ;
; Auto RAM Block Balancing                                         ; On                 ; On                 ;
; Auto RAM to Logic Cell Conversion                                ; Off                ; Off                ;
; Auto Resource Sharing                                            ; Off                ; Off                ;
; Allow Any RAM Size For Recognition                               ; Off                ; Off                ;
; Allow Any ROM Size For Recognition                               ; Off                ; Off                ;
; Allow Any Shift Register Size For Recognition                    ; Off                ; Off                ;
; Use LogicLock Constraints during Resource Balancing              ; On                 ; On                 ;
; Ignore translate_off and synthesis_off directives                ; Off                ; Off                ;
; Timing-Driven Synthesis                                          ; On                 ; On                 ;
; Report Parameter Settings                                        ; On                 ; On                 ;
; Report Source Assignments                                        ; On                 ; On                 ;
; Report Connectivity Checks                                       ; On                 ; On                 ;
; Ignore Maximum Fan-Out Assignments                               ; Off                ; Off                ;
; Synchronization Register Chain Length                            ; 2                  ; 2                  ;
; Power Optimization During Synthesis                              ; Normal compilation ; Normal compilation ;
; HDL message level                                                ; Level2             ; Level2             ;
; Suppress Register Optimization Related Messages                  ; Off                ; Off                ;
; Number of Removed Registers Reported in Synthesis Report         ; 5000               ; 5000               ;
; Number of Swept Nodes Reported in Synthesis Report               ; 5000               ; 5000               ;
; Number of Inverted Registers Reported in Synthesis Report        ; 100                ; 100                ;
; Clock MUX Protection                                             ; On                 ; On                 ;
; Auto Gated Clock Conversion                                      ; Off                ; Off                ;
; Block Design Naming                                              ; Auto               ; Auto               ;
; SDC constraint protection                                        ; Off                ; Off                ;
; Synthesis Effort                                                 ; Auto               ; Auto               ;
; Shift Register Replacement - Allow Asynchronous Clear Signal     ; On                 ; On                 ;
; Pre-Mapping Resynthesis Optimization                             ; Off                ; Off                ;
; Analysis & Synthesis Message Level                               ; Medium             ; Medium             ;
; Disable Register Merging Across Hierarchies                      ; Auto               ; Auto               ;
; Resource Aware Inference For Block RAM                           ; On                 ; On                 ;
+------------------------------------------------------------------+--------------------+--------------------+


+------------------------------------------+
; Parallel Compilation                     ;
+----------------------------+-------------+
; Processors                 ; Number      ;
+----------------------------+-------------+
; Number detected on machine ; 32          ;
; Maximum allowed            ; 16          ;
;                            ;             ;
; Average used               ; 1.00        ;
; Maximum used               ; 1           ;
;                            ;             ;
; Usage by Processor         ; % Time Used ;
;     Processor 1            ; 100.0%      ;
+----------------------------+-------------+


+------------------------------------------------------------------------------------------------------------------------------------------------------------------------------------------------------------------------------------------------------------------------+
; Analysis & Synthesis Source Files Read                                                                                                                                                                                                                                 ;
+----------------------------------+-----------------+------------------------------+--------------------------------------------------------------------------------------------------------------------------------------------------------------------------+---------+
; File Name with User-Entered Path ; Used in Netlist ; File Type                    ; File Name with Absolute Path                                                                                                                                             ; Library ;
+----------------------------------+-----------------+------------------------------+--------------------------------------------------------------------------------------------------------------------------------------------------------------------------+---------+
; source/uart_rx.sv                ; yes             ; User SystemVerilog HDL File  ; /home/vincent/MySSD/JupyterProjects/AAA_projects/UnlimitedResearchCooperative/Synthetic_Intelligence_Labs/Human-Brain-Rat/Software/FPGA/AX301_BOOT_PRJ/source/uart_rx.sv ;         ;
; top.sv                           ; yes             ; User SystemVerilog HDL File  ; /home/vincent/MySSD/JupyterProjects/AAA_projects/UnlimitedResearchCooperative/Synthetic_Intelligence_Labs/Human-Brain-Rat/Software/FPGA/AX301_BOOT_PRJ/top.sv            ;         ;
; i2s_tx.sv                        ; yes             ; User SystemVerilog HDL File  ; /home/vincent/MySSD/JupyterProjects/AAA_projects/UnlimitedResearchCooperative/Synthetic_Intelligence_Labs/Human-Brain-Rat/Software/FPGA/AX301_BOOT_PRJ/i2s_tx.sv         ;         ;
; ax_debounce.sv                   ; yes             ; User SystemVerilog HDL File  ; /home/vincent/MySSD/JupyterProjects/AAA_projects/UnlimitedResearchCooperative/Synthetic_Intelligence_Labs/Human-Brain-Rat/Software/FPGA/AX301_BOOT_PRJ/ax_debounce.sv    ;         ;
+----------------------------------+-----------------+------------------------------+--------------------------------------------------------------------------------------------------------------------------------------------------------------------------+---------+


+---------------------------------------------------------------+
; Analysis & Synthesis Resource Usage Summary                   ;
+---------------------------------------------+-----------------+
; Resource                                    ; Usage           ;
+---------------------------------------------+-----------------+
;                                             ;                 ;
; Total combinational functions               ; 0               ;
; Logic element usage by number of LUT inputs ;                 ;
;     -- 4 input functions                    ; 0               ;
;     -- 3 input functions                    ; 0               ;
;     -- <=2 input functions                  ; 0               ;
;                                             ;                 ;
; Logic elements by mode                      ;                 ;
;     -- normal mode                          ; 0               ;
;     -- arithmetic mode                      ; 0               ;
;                                             ;                 ;
; Total registers                             ; 0               ;
;     -- Dedicated logic registers            ; 0               ;
;     -- I/O registers                        ; 0               ;
;                                             ;                 ;
; I/O pins                                    ; 90              ;
;                                             ;                 ;
; Embedded Multiplier 9-bit elements          ; 0               ;
;                                             ;                 ;
; Maximum fan-out node                        ; rtc_data~output ;
; Maximum fan-out                             ; 1               ;
; Total fan-out                               ; 111             ;
; Average fan-out                             ; 0.55            ;
+---------------------------------------------+-----------------+


+----------------------------------------------------------------------------------------------------------------------------------------------------------------------------------------------------------+
; Analysis & Synthesis Resource Utilization by Entity                                                                                                                                                      ;
+----------------------------+---------------------+---------------------------+-------------+--------------+---------+-----------+------+--------------+---------------------+-------------+--------------+
; Compilation Hierarchy Node ; Combinational ALUTs ; Dedicated Logic Registers ; Memory Bits ; DSP Elements ; DSP 9x9 ; DSP 18x18 ; Pins ; Virtual Pins ; Full Hierarchy Name ; Entity Name ; Library Name ;
+----------------------------+---------------------+---------------------------+-------------+--------------+---------+-----------+------+--------------+---------------------+-------------+--------------+
; |top                       ; 0 (0)               ; 0 (0)                     ; 0           ; 0            ; 0       ; 0         ; 90   ; 0            ; |top                ; top         ; work         ;
+----------------------------+---------------------+---------------------------+-------------+--------------+---------+-----------+------+--------------+---------------------+-------------+--------------+
Note: For table entries with two numbers listed, the numbers in parentheses indicate the number of resources of the given type used by the specific entity alone. The numbers listed outside of parentheses indicate the total resources of the given type used by the specific entity and all of its sub-entities in the hierarchy.


Encoding Type:  One-Hot
+------------------------------------------------------------------------------------------------------------------------------------+
; State Machine - |top|current_state                                                                                                 ;
+-----------------------------+-----------------------+---------------------------+-----------------------------+--------------------+
; Name                        ; current_state.sd_mode ; current_state.eeprom_mode ; current_state.ledflash_mode ; current_state.idle ;
+-----------------------------+-----------------------+---------------------------+-----------------------------+--------------------+
; current_state.idle          ; 0                     ; 0                         ; 0                           ; 0                  ;
; current_state.ledflash_mode ; 0                     ; 0                         ; 1                           ; 1                  ;
; current_state.eeprom_mode   ; 0                     ; 1                         ; 0                           ; 1                  ;
; current_state.sd_mode       ; 1                     ; 0                         ; 0                           ; 1                  ;
+-----------------------------+-----------------------+---------------------------+-----------------------------+--------------------+


Encoding Type:  One-Hot
+--------------------------------------------------------------------------------------------------------------------------------------------------+
; State Machine - |top|uart_rx:uart_receiver_inst|state                                                                                            ;
+----------------------+--------------------+----------------------+--------------+--------------+------------------+---------------+--------------+
; Name                 ; state.S_CHANNEL_ID ; state.S_PACKET_START ; state.S_DATA ; state.S_STOP ; state.S_REC_BYTE ; state.S_START ; state.S_IDLE ;
+----------------------+--------------------+----------------------+--------------+--------------+------------------+---------------+--------------+
; state.S_IDLE         ; 0                  ; 0                    ; 0            ; 0            ; 0                ; 0             ; 0            ;
; state.S_START        ; 0                  ; 0                    ; 0            ; 0            ; 0                ; 1             ; 1            ;
; state.S_REC_BYTE     ; 0                  ; 0                    ; 0            ; 0            ; 1                ; 0             ; 1            ;
; state.S_STOP         ; 0                  ; 0                    ; 0            ; 1            ; 0                ; 0             ; 1            ;
; state.S_DATA         ; 0                  ; 0                    ; 1            ; 0            ; 0                ; 0             ; 1            ;
; state.S_PACKET_START ; 0                  ; 1                    ; 0            ; 0            ; 0                ; 0             ; 1            ;
; state.S_CHANNEL_ID   ; 1                  ; 0                    ; 0            ; 0            ; 0                ; 0             ; 1            ;
+----------------------+--------------------+----------------------+--------------+--------------+------------------+---------------+--------------+


+------------------------------------------------------------------------------------------+
; Registers Removed During Synthesis                                                       ;
+-------------------------------------------------+----------------------------------------+
; Register name                                   ; Reason for Removal                     ;
+-------------------------------------------------+----------------------------------------+
; led_reg[1..3]                                   ; Stuck at GND due to stuck port data_in ;
; seg_data[0]~reg0                                ; Stuck at GND due to stuck port data_in ;
; led_reg[0]                                      ; Stuck at GND due to stuck port data_in ;
; seg_sel[5]~reg0                                 ; Stuck at GND due to stuck port data_in ;
; seg_sel[4]~reg0                                 ; Stuck at GND due to stuck port data_in ;
; seg_sel[3]~reg0                                 ; Stuck at GND due to stuck port data_in ;
; seg_sel[2]~reg0                                 ; Stuck at GND due to stuck port data_in ;
; seg_sel[1]~reg0                                 ; Stuck at GND due to stuck port data_in ;
; seg_sel[0]~reg0                                 ; Stuck at GND due to stuck port data_in ;
; seg_data[7]~reg0                                ; Stuck at GND due to stuck port data_in ;
; seg_data[6]~reg0                                ; Stuck at GND due to stuck port data_in ;
; seg_data[5]~reg0                                ; Stuck at GND due to stuck port data_in ;
; seg_data[4]~reg0                                ; Stuck at GND due to stuck port data_in ;
; seg_data[3]~reg0                                ; Stuck at GND due to stuck port data_in ;
; seg_data[2]~reg0                                ; Stuck at GND due to stuck port data_in ;
; seg_data[1]~reg0                                ; Stuck at GND due to stuck port data_in ;
; ax_debounce:ax_debounce_a2|DFF1                 ; Stuck at GND due to stuck port clock   ;
; ax_debounce:ax_debounce_a2|DFF2                 ; Stuck at GND due to stuck port clock   ;
; ax_debounce:ax_debounce_a2|q_reg[1..31]         ; Stuck at GND due to stuck port clock   ;
; ax_debounce:ax_debounce_a2|button_negedge       ; Stuck at GND due to stuck port clock   ;
; ax_debounce:ax_debounce_a2|button_out_d0        ; Lost fanout                            ;
; ax_debounce:ax_debounce_a2|button_out           ; Lost fanout                            ;
; ax_debounce:ax_debounce_a2|q_reg[0]             ; Stuck at GND due to stuck port clock   ;
; current_state~4                                 ; Lost fanout                            ;
; current_state~5                                 ; Lost fanout                            ;
; uart_rx:uart_receiver_inst|state~4              ; Lost fanout                            ;
; uart_rx:uart_receiver_inst|state~5              ; Lost fanout                            ;
; uart_rx:uart_receiver_inst|state~6              ; Lost fanout                            ;
; ax_debounce:ax_debounce_a1|button_negedge       ; Lost fanout                            ;
; ax_debounce:ax_debounce_a0|button_negedge       ; Lost fanout                            ;
; uart_rx:uart_receiver_inst|rx_d0                ; Lost fanout                            ;
; uart_rx:uart_receiver_inst|rx_d1                ; Lost fanout                            ;
; uart_rx:uart_receiver_inst|rx_bits[0..7]        ; Lost fanout                            ;
; uart_rx:uart_receiver_inst|cycle_cnt[0..15]     ; Lost fanout                            ;
; uart_rx:uart_receiver_inst|bit_cnt[0..2]        ; Lost fanout                            ;
; ax_debounce:ax_debounce_a1|button_out           ; Lost fanout                            ;
; ax_debounce:ax_debounce_a1|button_out_d0        ; Lost fanout                            ;
; ax_debounce:ax_debounce_a0|button_out           ; Lost fanout                            ;
; ax_debounce:ax_debounce_a0|button_out_d0        ; Lost fanout                            ;
; ax_debounce:ax_debounce_a1|DFF2                 ; Lost fanout                            ;
; ax_debounce:ax_debounce_a1|q_reg[0..31]         ; Lost fanout                            ;
; ax_debounce:ax_debounce_a0|DFF2                 ; Lost fanout                            ;
; ax_debounce:ax_debounce_a0|q_reg[0..31]         ; Lost fanout                            ;
; ax_debounce:ax_debounce_a1|DFF1                 ; Lost fanout                            ;
; ax_debounce:ax_debounce_a0|DFF1                 ; Lost fanout                            ;
; current_state.idle                              ; Lost fanout                            ;
; current_state.ledflash_mode                     ; Lost fanout                            ;
; current_state.eeprom_mode                       ; Lost fanout                            ;
; current_state.sd_mode                           ; Lost fanout                            ;
; uart_rx:uart_receiver_inst|state.S_IDLE         ; Lost fanout                            ;
; uart_rx:uart_receiver_inst|state.S_START        ; Lost fanout                            ;
; uart_rx:uart_receiver_inst|state.S_REC_BYTE     ; Lost fanout                            ;
; uart_rx:uart_receiver_inst|state.S_STOP         ; Lost fanout                            ;
; uart_rx:uart_receiver_inst|state.S_DATA         ; Lost fanout                            ;
; uart_rx:uart_receiver_inst|state.S_PACKET_START ; Lost fanout                            ;
; uart_rx:uart_receiver_inst|state.S_CHANNEL_ID   ; Lost fanout                            ;
; Total Number of Removed Registers = 174         ;                                        ;
+-------------------------------------------------+----------------------------------------+


+-----------------------------------------------------------------------------------------------------------------------------------------------------------+
; Removed Registers Triggering Further Register Optimizations                                                                                               ;
+-------------------------------------------+-------------------------+-------------------------------------------------------------------------------------+
; Register name                             ; Reason for Removal      ; Registers Removed due to This Register                                              ;
+-------------------------------------------+-------------------------+-------------------------------------------------------------------------------------+
; ax_debounce:ax_debounce_a2|DFF1           ; Stuck at GND            ; ax_debounce:ax_debounce_a2|q_reg[31], ax_debounce:ax_debounce_a2|q_reg[30],         ;
;                                           ; due to stuck port clock ; ax_debounce:ax_debounce_a2|q_reg[29], ax_debounce:ax_debounce_a2|q_reg[28],         ;
;                                           ;                         ; ax_debounce:ax_debounce_a2|q_reg[27], ax_debounce:ax_debounce_a2|q_reg[26],         ;
;                                           ;                         ; ax_debounce:ax_debounce_a2|q_reg[25], ax_debounce:ax_debounce_a2|q_reg[24],         ;
;                                           ;                         ; ax_debounce:ax_debounce_a2|q_reg[23], ax_debounce:ax_debounce_a2|q_reg[22],         ;
;                                           ;                         ; ax_debounce:ax_debounce_a2|q_reg[21], ax_debounce:ax_debounce_a2|q_reg[20],         ;
;                                           ;                         ; ax_debounce:ax_debounce_a2|q_reg[19], ax_debounce:ax_debounce_a2|q_reg[18],         ;
;                                           ;                         ; ax_debounce:ax_debounce_a2|q_reg[17], ax_debounce:ax_debounce_a2|q_reg[16],         ;
;                                           ;                         ; ax_debounce:ax_debounce_a2|q_reg[15], ax_debounce:ax_debounce_a2|q_reg[14],         ;
;                                           ;                         ; ax_debounce:ax_debounce_a2|q_reg[13], ax_debounce:ax_debounce_a2|q_reg[12],         ;
;                                           ;                         ; ax_debounce:ax_debounce_a2|q_reg[11], ax_debounce:ax_debounce_a2|q_reg[10],         ;
;                                           ;                         ; ax_debounce:ax_debounce_a2|q_reg[9], ax_debounce:ax_debounce_a2|q_reg[8],           ;
;                                           ;                         ; ax_debounce:ax_debounce_a2|q_reg[7], ax_debounce:ax_debounce_a2|q_reg[6],           ;
;                                           ;                         ; ax_debounce:ax_debounce_a2|q_reg[5], ax_debounce:ax_debounce_a2|q_reg[4],           ;
;                                           ;                         ; ax_debounce:ax_debounce_a2|q_reg[3], ax_debounce:ax_debounce_a2|q_reg[2],           ;
;                                           ;                         ; ax_debounce:ax_debounce_a2|q_reg[1], ax_debounce:ax_debounce_a2|q_reg[0]            ;
; ax_debounce:ax_debounce_a2|button_negedge ; Stuck at GND            ; ax_debounce:ax_debounce_a2|button_out_d0, ax_debounce:ax_debounce_a2|button_out,    ;
;                                           ; due to stuck port clock ; ax_debounce:ax_debounce_a1|button_negedge,                                          ;
;                                           ;                         ; ax_debounce:ax_debounce_a0|button_negedge, ax_debounce:ax_debounce_a1|button_out,   ;
;                                           ;                         ; ax_debounce:ax_debounce_a1|button_out_d0, ax_debounce:ax_debounce_a0|button_out,    ;
;                                           ;                         ; ax_debounce:ax_debounce_a0|button_out_d0, ax_debounce:ax_debounce_a1|DFF2,          ;
;                                           ;                         ; ax_debounce:ax_debounce_a1|q_reg[31], ax_debounce:ax_debounce_a1|q_reg[30],         ;
;                                           ;                         ; ax_debounce:ax_debounce_a1|q_reg[29], ax_debounce:ax_debounce_a1|q_reg[28],         ;
;                                           ;                         ; ax_debounce:ax_debounce_a1|q_reg[27], ax_debounce:ax_debounce_a1|q_reg[26],         ;
;                                           ;                         ; ax_debounce:ax_debounce_a1|q_reg[25], ax_debounce:ax_debounce_a1|q_reg[24],         ;
;                                           ;                         ; ax_debounce:ax_debounce_a1|q_reg[23], ax_debounce:ax_debounce_a0|DFF2,              ;
;                                           ;                         ; ax_debounce:ax_debounce_a0|q_reg[31], ax_debounce:ax_debounce_a0|q_reg[30],         ;
;                                           ;                         ; ax_debounce:ax_debounce_a0|q_reg[29], ax_debounce:ax_debounce_a0|q_reg[28],         ;
;                                           ;                         ; ax_debounce:ax_debounce_a0|q_reg[27], ax_debounce:ax_debounce_a0|q_reg[26],         ;
;                                           ;                         ; ax_debounce:ax_debounce_a0|q_reg[25], ax_debounce:ax_debounce_a0|q_reg[24],         ;
;                                           ;                         ; ax_debounce:ax_debounce_a0|q_reg[23], ax_debounce:ax_debounce_a1|DFF1,              ;
;                                           ;                         ; ax_debounce:ax_debounce_a0|DFF1                                                     ;
; uart_rx:uart_receiver_inst|state~4        ; Lost Fanouts            ; uart_rx:uart_receiver_inst|rx_d0, uart_rx:uart_receiver_inst|rx_d1,                 ;
;                                           ;                         ; uart_rx:uart_receiver_inst|rx_bits[7], uart_rx:uart_receiver_inst|rx_bits[6],       ;
;                                           ;                         ; uart_rx:uart_receiver_inst|rx_bits[5], uart_rx:uart_receiver_inst|rx_bits[4],       ;
;                                           ;                         ; uart_rx:uart_receiver_inst|rx_bits[3], uart_rx:uart_receiver_inst|cycle_cnt[15],    ;
;                                           ;                         ; uart_rx:uart_receiver_inst|cycle_cnt[14], uart_rx:uart_receiver_inst|bit_cnt[2],    ;
;                                           ;                         ; uart_rx:uart_receiver_inst|bit_cnt[1], uart_rx:uart_receiver_inst|state.S_START,    ;
;                                           ;                         ; uart_rx:uart_receiver_inst|state.S_REC_BYTE,                                        ;
;                                           ;                         ; uart_rx:uart_receiver_inst|state.S_STOP, uart_rx:uart_receiver_inst|state.S_DATA,   ;
;                                           ;                         ; uart_rx:uart_receiver_inst|state.S_PACKET_START,                                    ;
;                                           ;                         ; uart_rx:uart_receiver_inst|state.S_CHANNEL_ID                                       ;
; uart_rx:uart_receiver_inst|state~5        ; Lost Fanouts            ; uart_rx:uart_receiver_inst|cycle_cnt[13], uart_rx:uart_receiver_inst|cycle_cnt[12], ;
;                                           ;                         ; uart_rx:uart_receiver_inst|cycle_cnt[11], uart_rx:uart_receiver_inst|cycle_cnt[10], ;
;                                           ;                         ; uart_rx:uart_receiver_inst|cycle_cnt[9], uart_rx:uart_receiver_inst|cycle_cnt[8],   ;
;                                           ;                         ; uart_rx:uart_receiver_inst|cycle_cnt[7], uart_rx:uart_receiver_inst|cycle_cnt[6],   ;
;                                           ;                         ; uart_rx:uart_receiver_inst|cycle_cnt[5], uart_rx:uart_receiver_inst|cycle_cnt[4],   ;
;                                           ;                         ; uart_rx:uart_receiver_inst|cycle_cnt[3], uart_rx:uart_receiver_inst|cycle_cnt[2],   ;
;                                           ;                         ; uart_rx:uart_receiver_inst|cycle_cnt[1], uart_rx:uart_receiver_inst|cycle_cnt[0]    ;
; current_state~4                           ; Lost Fanouts            ; current_state.ledflash_mode, current_state.sd_mode                                  ;
; uart_rx:uart_receiver_inst|state~6        ; Lost Fanouts            ; uart_rx:uart_receiver_inst|bit_cnt[0], uart_rx:uart_receiver_inst|state.S_IDLE      ;
; current_state~5                           ; Lost Fanouts            ; current_state.idle                                                                  ;
+-------------------------------------------+-------------------------+-------------------------------------------------------------------------------------+


+------------------------------------------------------+
; General Register Statistics                          ;
+----------------------------------------------+-------+
; Statistic                                    ; Value ;
+----------------------------------------------+-------+
; Total registers                              ; 0     ;
; Number of registers using Synchronous Clear  ; 0     ;
; Number of registers using Synchronous Load   ; 0     ;
; Number of registers using Asynchronous Clear ; 0     ;
; Number of registers using Asynchronous Load  ; 0     ;
; Number of registers using Clock Enable       ; 0     ;
; Number of registers using Preset             ; 0     ;
+----------------------------------------------+-------+


+----------------------------------------------------------------------------------------------------------------------------------------------------------+
; Multiplexer Restructuring Statistics (Restructuring Performed)                                                                                           ;
+--------------------+-----------+---------------+----------------------+------------------------+------------+--------------------------------------------+
; Multiplexer Inputs ; Bus Width ; Baseline Area ; Area if Restructured ; Saving if Restructured ; Registered ; Example Multiplexer Output                 ;
+--------------------+-----------+---------------+----------------------+------------------------+------------+--------------------------------------------+
; 3:1                ; 3 bits    ; 6 LEs         ; 3 LEs                ; 3 LEs                  ; Yes        ; |top|uart_rx:uart_receiver_inst|bit_cnt[2] ;
+--------------------+-----------+---------------+----------------------+------------------------+------------+--------------------------------------------+


+-------------------------------------------------------------------------+
; Parameter Settings for User Entity Instance: uart_rx:uart_receiver_inst ;
+----------------+--------+-----------------------------------------------+
; Parameter Name ; Value  ; Type                                          ;
+----------------+--------+-----------------------------------------------+
; CLK_FRE        ; 50     ; Signed Integer                                ;
; BAUD_RATE      ; 128000 ; Signed Integer                                ;
+----------------+--------+-----------------------------------------------+
Note: In order to hide this table in the UI and the text report file, please set the "Show Parameter Settings in Synthesis Report" option in "Analysis and Synthesis Settings -> More Settings" to "Off".


+--------------------------------------------------------------------------+
; Parameter Settings for User Entity Instance: i2s_tx:i2s_transmitter_inst ;
+----------------+----------+----------------------------------------------+
; Parameter Name ; Value    ; Type                                         ;
+----------------+----------+----------------------------------------------+
; CLOCK_FREQ     ; 50000000 ; Signed Integer                               ;
; SAMPLE_RATE    ; 100      ; Signed Integer                               ;
; BIT_DEPTH      ; 8        ; Signed Integer                               ;
+----------------+----------+----------------------------------------------+
Note: In order to hide this table in the UI and the text report file, please set the "Show Parameter Settings in Synthesis Report" option in "Analysis and Synthesis Settings -> More Settings" to "Off".


+-------------------------------------------------------------------------+
; Parameter Settings for User Entity Instance: ax_debounce:ax_debounce_a0 ;
+----------------+-------+------------------------------------------------+
; Parameter Name ; Value ; Type                                           ;
+----------------+-------+------------------------------------------------+
; N              ; 32    ; Signed Integer                                 ;
; FREQ           ; 50    ; Signed Integer                                 ;
; MAX_TIME       ; 20    ; Signed Integer                                 ;
+----------------+-------+------------------------------------------------+
Note: In order to hide this table in the UI and the text report file, please set the "Show Parameter Settings in Synthesis Report" option in "Analysis and Synthesis Settings -> More Settings" to "Off".


+-------------------------------------------------------------------------+
; Parameter Settings for User Entity Instance: ax_debounce:ax_debounce_a1 ;
+----------------+-------+------------------------------------------------+
; Parameter Name ; Value ; Type                                           ;
+----------------+-------+------------------------------------------------+
; N              ; 32    ; Signed Integer                                 ;
; FREQ           ; 50    ; Signed Integer                                 ;
; MAX_TIME       ; 20    ; Signed Integer                                 ;
+----------------+-------+------------------------------------------------+
Note: In order to hide this table in the UI and the text report file, please set the "Show Parameter Settings in Synthesis Report" option in "Analysis and Synthesis Settings -> More Settings" to "Off".


+-------------------------------------------------------------------------+
; Parameter Settings for User Entity Instance: ax_debounce:ax_debounce_a2 ;
+----------------+-------+------------------------------------------------+
; Parameter Name ; Value ; Type                                           ;
+----------------+-------+------------------------------------------------+
; N              ; 32    ; Signed Integer                                 ;
; FREQ           ; 50    ; Signed Integer                                 ;
; MAX_TIME       ; 20    ; Signed Integer                                 ;
+----------------+-------+------------------------------------------------+
Note: In order to hide this table in the UI and the text report file, please set the "Show Parameter Settings in Synthesis Report" option in "Analysis and Synthesis Settings -> More Settings" to "Off".


+-------------------------------------------------------------+
; Port Connectivity Checks: "ax_debounce:ax_debounce_a2"      ;
+----------------+--------+----------+------------------------+
; Port           ; Type   ; Severity ; Details                ;
+----------------+--------+----------+------------------------+
; button_posedge ; Output ; Info     ; Explicitly unconnected ;
; button_out     ; Output ; Info     ; Explicitly unconnected ;
+----------------+--------+----------+------------------------+


+-------------------------------------------------------------+
; Port Connectivity Checks: "ax_debounce:ax_debounce_a1"      ;
+----------------+--------+----------+------------------------+
; Port           ; Type   ; Severity ; Details                ;
+----------------+--------+----------+------------------------+
; button_posedge ; Output ; Info     ; Explicitly unconnected ;
; button_out     ; Output ; Info     ; Explicitly unconnected ;
+----------------+--------+----------+------------------------+


+-------------------------------------------------------------+
; Port Connectivity Checks: "ax_debounce:ax_debounce_a0"      ;
+----------------+--------+----------+------------------------+
; Port           ; Type   ; Severity ; Details                ;
+----------------+--------+----------+------------------------+
; button_posedge ; Output ; Info     ; Explicitly unconnected ;
; button_out     ; Output ; Info     ; Explicitly unconnected ;
+----------------+--------+----------+------------------------+


+--------------------------------------------------------------------------------------------------------------------------------------+
; Port Connectivity Checks: "i2s_tx:i2s_transmitter_inst"                                                                              ;
+-------+--------+----------+----------------------------------------------------------------------------------------------------------+
; Port  ; Type   ; Severity ; Details                                                                                                  ;
+-------+--------+----------+----------------------------------------------------------------------------------------------------------+
; bclk  ; Output ; Info     ; Connected to dangling logic. Logic that only feeds a dangling port will be removed.                      ;
; lrclk ; Output ; Info     ; Connected to dangling logic. Logic that only feeds a dangling port will be removed.                      ;
; sdata ; Output ; Info     ; Connected to dangling logic. Logic that only feeds a dangling port will be removed.                      ;
; mclk  ; Output ; Warning  ; Declared by entity but not connected by instance. Logic that only feeds a dangling port will be removed. ;
+-------+--------+----------+----------------------------------------------------------------------------------------------------------+


+-----------------------------------------------------+
; Post-Synthesis Netlist Statistics for Top Partition ;
+-----------------------+-----------------------------+
; Type                  ; Count                       ;
+-----------------------+-----------------------------+
; boundary_port         ; 90                          ;
; cycloneiii_io_obuf    ; 21                          ;
; cycloneiii_lcell_comb ; 1                           ;
;     normal            ; 1                           ;
;         0 data inputs ; 1                           ;
;                       ;                             ;
; Max LUT depth         ; 0.00                        ;
; Average LUT depth     ; 0.00                        ;
+-----------------------+-----------------------------+


+-------------------------------+
; Elapsed Time Per Partition    ;
+----------------+--------------+
; Partition Name ; Elapsed Time ;
+----------------+--------------+
; Top            ; 00:00:00     ;
+----------------+--------------+


+-------------------------------+
; Analysis & Synthesis Messages ;
+-------------------------------+
Info: *******************************************************************
Info: Running Quartus Prime Analysis & Synthesis
    Info: Version 21.1.0 Build 842 10/21/2021 SJ Lite Edition
    Info: Processing started: Tue Feb  6 15:07:40 2024
Info: Command: quartus_map --read_settings_files=on --write_settings_files=off top -c top
Warning (18236): Number of processors has not been specified which may cause overloading on shared machines.  Set the global assignment NUM_PARALLEL_PROCESSORS in your QSF to an appropriate value for best performance.
Info (20030): Parallel compilation is enabled and will use 16 of the 32 processors detected
Info (12021): Found 1 design units, including 1 entities, in source file source/uart_tx.sv
    Info (12023): Found entity 1: uart_tx File: /home/vincent/MySSD/JupyterProjects/AAA_projects/UnlimitedResearchCooperative/Synthetic_Intelligence_Labs/Human-Brain-Rat/Software/FPGA/AX301_BOOT_PRJ/source/uart_tx.sv Line: 1
Info (12021): Found 1 design units, including 1 entities, in source file source/uart_rx.sv
    Info (12023): Found entity 1: uart_rx File: /home/vincent/MySSD/JupyterProjects/AAA_projects/UnlimitedResearchCooperative/Synthetic_Intelligence_Labs/Human-Brain-Rat/Software/FPGA/AX301_BOOT_PRJ/source/uart_rx.sv Line: 1
Info (12021): Found 0 design units, including 0 entities, in source file i2c_master/timescale.sv
Info (12021): Found 1 design units, including 1 entities, in source file i2c_master/lut_ov5640_rgb565_1024_768.sv
    Info (12023): Found entity 1: lut_ov5640_rgb565_1024_768 File: /home/vincent/MySSD/JupyterProjects/AAA_projects/UnlimitedResearchCooperative/Synthetic_Intelligence_Labs/Human-Brain-Rat/Software/FPGA/AX301_BOOT_PRJ/i2c_master/lut_ov5640_rgb565_1024_768.sv Line: 30
Info (12021): Found 1 design units, including 1 entities, in source file i2c_master/i2c_master_top.sv
    Info (12023): Found entity 1: i2c_master_top File: /home/vincent/MySSD/JupyterProjects/AAA_projects/UnlimitedResearchCooperative/Synthetic_Intelligence_Labs/Human-Brain-Rat/Software/FPGA/AX301_BOOT_PRJ/i2c_master/i2c_master_top.sv Line: 30
Info (12021): Found 0 design units, including 0 entities, in source file i2c_master/i2c_master_defines.sv
Warning (10335): Unrecognized synthesis attribute "enum_state" at i2c_master/i2c_master_byte_ctrl.sv(199) File: /home/vincent/MySSD/JupyterProjects/AAA_projects/UnlimitedResearchCooperative/Synthetic_Intelligence_Labs/Human-Brain-Rat/Software/FPGA/AX301_BOOT_PRJ/i2c_master/i2c_master_byte_ctrl.sv Line: 199
Info (12021): Found 1 design units, including 1 entities, in source file i2c_master/i2c_master_byte_ctrl.sv
    Info (12023): Found entity 1: i2c_master_byte_ctrl File: /home/vincent/MySSD/JupyterProjects/AAA_projects/UnlimitedResearchCooperative/Synthetic_Intelligence_Labs/Human-Brain-Rat/Software/FPGA/AX301_BOOT_PRJ/i2c_master/i2c_master_byte_ctrl.sv Line: 75
Warning (10335): Unrecognized synthesis attribute "enum_state" at i2c_master/i2c_master_bit_ctrl.sv(185) File: /home/vincent/MySSD/JupyterProjects/AAA_projects/UnlimitedResearchCooperative/Synthetic_Intelligence_Labs/Human-Brain-Rat/Software/FPGA/AX301_BOOT_PRJ/i2c_master/i2c_master_bit_ctrl.sv Line: 185
Info (12021): Found 1 design units, including 1 entities, in source file i2c_master/i2c_master_bit_ctrl.sv
    Info (12023): Found entity 1: i2c_master_bit_ctrl File: /home/vincent/MySSD/JupyterProjects/AAA_projects/UnlimitedResearchCooperative/Synthetic_Intelligence_Labs/Human-Brain-Rat/Software/FPGA/AX301_BOOT_PRJ/i2c_master/i2c_master_bit_ctrl.sv Line: 143
Info (12021): Found 1 design units, including 1 entities, in source file i2c_master/i2c_config.sv
    Info (12023): Found entity 1: reg_config File: /home/vincent/MySSD/JupyterProjects/AAA_projects/UnlimitedResearchCooperative/Synthetic_Intelligence_Labs/Human-Brain-Rat/Software/FPGA/AX301_BOOT_PRJ/i2c_master/i2c_config.sv Line: 30
Info (12021): Found 1 design units, including 1 entities, in source file i2c_master/i2c_com.sv
    Info (12023): Found entity 1: i2c_com File: /home/vincent/MySSD/JupyterProjects/AAA_projects/UnlimitedResearchCooperative/Synthetic_Intelligence_Labs/Human-Brain-Rat/Software/FPGA/AX301_BOOT_PRJ/i2c_master/i2c_com.sv Line: 2
Info (12021): Found 1 design units, including 1 entities, in source file top.sv
    Info (12023): Found entity 1: top File: /home/vincent/MySSD/JupyterProjects/AAA_projects/UnlimitedResearchCooperative/Synthetic_Intelligence_Labs/Human-Brain-Rat/Software/FPGA/AX301_BOOT_PRJ/top.sv Line: 1
Info (12021): Found 1 design units, including 1 entities, in source file tb.sv
    Info (12023): Found entity 1: tb File: /home/vincent/MySSD/JupyterProjects/AAA_projects/UnlimitedResearchCooperative/Synthetic_Intelligence_Labs/Human-Brain-Rat/Software/FPGA/AX301_BOOT_PRJ/tb.sv Line: 1
Info (12021): Found 1 design units, including 1 entities, in source file i2s_tx.sv
    Info (12023): Found entity 1: i2s_tx File: /home/vincent/MySSD/JupyterProjects/AAA_projects/UnlimitedResearchCooperative/Synthetic_Intelligence_Labs/Human-Brain-Rat/Software/FPGA/AX301_BOOT_PRJ/i2s_tx.sv Line: 1
Info (12021): Found 1 design units, including 1 entities, in source file ax_debounce.sv
    Info (12023): Found entity 1: ax_debounce File: /home/vincent/MySSD/JupyterProjects/AAA_projects/UnlimitedResearchCooperative/Synthetic_Intelligence_Labs/Human-Brain-Rat/Software/FPGA/AX301_BOOT_PRJ/ax_debounce.sv Line: 2
Warning (10236): Verilog HDL Implicit Net warning at i2c_config.sv(55): created implicit net for "ack" File: /home/vincent/MySSD/JupyterProjects/AAA_projects/UnlimitedResearchCooperative/Synthetic_Intelligence_Labs/Human-Brain-Rat/Software/FPGA/AX301_BOOT_PRJ/i2c_master/i2c_config.sv Line: 55
Warning (10236): Verilog HDL Implicit Net warning at i2c_config.sv(58): created implicit net for "tr_end" File: /home/vincent/MySSD/JupyterProjects/AAA_projects/UnlimitedResearchCooperative/Synthetic_Intelligence_Labs/Human-Brain-Rat/Software/FPGA/AX301_BOOT_PRJ/i2c_master/i2c_config.sv Line: 58
Warning (10236): Verilog HDL Implicit Net warning at top.sv(78): created implicit net for "i2s_bclk" File: /home/vincent/MySSD/JupyterProjects/AAA_projects/UnlimitedResearchCooperative/Synthetic_Intelligence_Labs/Human-Brain-Rat/Software/FPGA/AX301_BOOT_PRJ/top.sv Line: 78
Warning (10236): Verilog HDL Implicit Net warning at top.sv(79): created implicit net for "i2s_lrclk" File: /home/vincent/MySSD/JupyterProjects/AAA_projects/UnlimitedResearchCooperative/Synthetic_Intelligence_Labs/Human-Brain-Rat/Software/FPGA/AX301_BOOT_PRJ/top.sv Line: 79
Warning (10236): Verilog HDL Implicit Net warning at top.sv(80): created implicit net for "i2s_sdata" File: /home/vincent/MySSD/JupyterProjects/AAA_projects/UnlimitedResearchCooperative/Synthetic_Intelligence_Labs/Human-Brain-Rat/Software/FPGA/AX301_BOOT_PRJ/top.sv Line: 80
Info (12127): Elaborating entity "top" for the top level hierarchy
Warning (10858): Verilog HDL warning at top.sv(97): object rtc_seg_sel used but never assigned File: /home/vincent/MySSD/JupyterProjects/AAA_projects/UnlimitedResearchCooperative/Synthetic_Intelligence_Labs/Human-Brain-Rat/Software/FPGA/AX301_BOOT_PRJ/top.sv Line: 97
Warning (10858): Verilog HDL warning at top.sv(98): object rtc_seg_data used but never assigned File: /home/vincent/MySSD/JupyterProjects/AAA_projects/UnlimitedResearchCooperative/Synthetic_Intelligence_Labs/Human-Brain-Rat/Software/FPGA/AX301_BOOT_PRJ/top.sv Line: 98
Warning (10858): Verilog HDL warning at top.sv(99): object eeprom_seg_sel used but never assigned File: /home/vincent/MySSD/JupyterProjects/AAA_projects/UnlimitedResearchCooperative/Synthetic_Intelligence_Labs/Human-Brain-Rat/Software/FPGA/AX301_BOOT_PRJ/top.sv Line: 99
Warning (10858): Verilog HDL warning at top.sv(100): object eeprom_seg_data used but never assigned File: /home/vincent/MySSD/JupyterProjects/AAA_projects/UnlimitedResearchCooperative/Synthetic_Intelligence_Labs/Human-Brain-Rat/Software/FPGA/AX301_BOOT_PRJ/top.sv Line: 100
Warning (10858): Verilog HDL warning at top.sv(101): object sd_seg_sel used but never assigned File: /home/vincent/MySSD/JupyterProjects/AAA_projects/UnlimitedResearchCooperative/Synthetic_Intelligence_Labs/Human-Brain-Rat/Software/FPGA/AX301_BOOT_PRJ/top.sv Line: 101
Warning (10858): Verilog HDL warning at top.sv(102): object sd_seg_data used but never assigned File: /home/vincent/MySSD/JupyterProjects/AAA_projects/UnlimitedResearchCooperative/Synthetic_Intelligence_Labs/Human-Brain-Rat/Software/FPGA/AX301_BOOT_PRJ/top.sv Line: 102
Warning (10036): Verilog HDL or VHDL warning at top.sv(104): object "sdbmp_rst_n" assigned a value but never read File: /home/vincent/MySSD/JupyterProjects/AAA_projects/UnlimitedResearchCooperative/Synthetic_Intelligence_Labs/Human-Brain-Rat/Software/FPGA/AX301_BOOT_PRJ/top.sv Line: 104
Warning (10036): Verilog HDL or VHDL warning at top.sv(105): object "ov_rst_n" assigned a value but never read File: /home/vincent/MySSD/JupyterProjects/AAA_projects/UnlimitedResearchCooperative/Synthetic_Intelligence_Labs/Human-Brain-Rat/Software/FPGA/AX301_BOOT_PRJ/top.sv Line: 105
Warning (10036): Verilog HDL or VHDL warning at top.sv(106): object "buzzer_rst_n" assigned a value but never read File: /home/vincent/MySSD/JupyterProjects/AAA_projects/UnlimitedResearchCooperative/Synthetic_Intelligence_Labs/Human-Brain-Rat/Software/FPGA/AX301_BOOT_PRJ/top.sv Line: 106
Warning (10036): Verilog HDL or VHDL warning at top.sv(113): object "button_negedge4_d0" assigned a value but never read File: /home/vincent/MySSD/JupyterProjects/AAA_projects/UnlimitedResearchCooperative/Synthetic_Intelligence_Labs/Human-Brain-Rat/Software/FPGA/AX301_BOOT_PRJ/top.sv Line: 113
Warning (10036): Verilog HDL or VHDL warning at top.sv(114): object "button_negedge3_d0" assigned a value but never read File: /home/vincent/MySSD/JupyterProjects/AAA_projects/UnlimitedResearchCooperative/Synthetic_Intelligence_Labs/Human-Brain-Rat/Software/FPGA/AX301_BOOT_PRJ/top.sv Line: 114
Warning (10858): Verilog HDL warning at top.sv(117): object ext_mem_clk used but never assigned File: /home/vincent/MySSD/JupyterProjects/AAA_projects/UnlimitedResearchCooperative/Synthetic_Intelligence_Labs/Human-Brain-Rat/Software/FPGA/AX301_BOOT_PRJ/top.sv Line: 117
Warning (10036): Verilog HDL or VHDL warning at top.sv(129): object "rd_burst_req" assigned a value but never read File: /home/vincent/MySSD/JupyterProjects/AAA_projects/UnlimitedResearchCooperative/Synthetic_Intelligence_Labs/Human-Brain-Rat/Software/FPGA/AX301_BOOT_PRJ/top.sv Line: 129
Warning (10036): Verilog HDL or VHDL warning at top.sv(130): object "wr_burst_req" assigned a value but never read File: /home/vincent/MySSD/JupyterProjects/AAA_projects/UnlimitedResearchCooperative/Synthetic_Intelligence_Labs/Human-Brain-Rat/Software/FPGA/AX301_BOOT_PRJ/top.sv Line: 130
Warning (10036): Verilog HDL or VHDL warning at top.sv(131): object "rd_burst_len" assigned a value but never read File: /home/vincent/MySSD/JupyterProjects/AAA_projects/UnlimitedResearchCooperative/Synthetic_Intelligence_Labs/Human-Brain-Rat/Software/FPGA/AX301_BOOT_PRJ/top.sv Line: 131
Warning (10036): Verilog HDL or VHDL warning at top.sv(132): object "wr_burst_len" assigned a value but never read File: /home/vincent/MySSD/JupyterProjects/AAA_projects/UnlimitedResearchCooperative/Synthetic_Intelligence_Labs/Human-Brain-Rat/Software/FPGA/AX301_BOOT_PRJ/top.sv Line: 132
Warning (10036): Verilog HDL or VHDL warning at top.sv(133): object "rd_burst_addr" assigned a value but never read File: /home/vincent/MySSD/JupyterProjects/AAA_projects/UnlimitedResearchCooperative/Synthetic_Intelligence_Labs/Human-Brain-Rat/Software/FPGA/AX301_BOOT_PRJ/top.sv Line: 133
Warning (10036): Verilog HDL or VHDL warning at top.sv(134): object "wr_burst_addr" assigned a value but never read File: /home/vincent/MySSD/JupyterProjects/AAA_projects/UnlimitedResearchCooperative/Synthetic_Intelligence_Labs/Human-Brain-Rat/Software/FPGA/AX301_BOOT_PRJ/top.sv Line: 134
Warning (10036): Verilog HDL or VHDL warning at top.sv(137): object "wr_burst_data" assigned a value but never read File: /home/vincent/MySSD/JupyterProjects/AAA_projects/UnlimitedResearchCooperative/Synthetic_Intelligence_Labs/Human-Brain-Rat/Software/FPGA/AX301_BOOT_PRJ/top.sv Line: 137
Warning (10858): Verilog HDL warning at top.sv(139): object sd_rd_burst_req used but never assigned File: /home/vincent/MySSD/JupyterProjects/AAA_projects/UnlimitedResearchCooperative/Synthetic_Intelligence_Labs/Human-Brain-Rat/Software/FPGA/AX301_BOOT_PRJ/top.sv Line: 139
Warning (10858): Verilog HDL warning at top.sv(140): object sd_wr_burst_req used but never assigned File: /home/vincent/MySSD/JupyterProjects/AAA_projects/UnlimitedResearchCooperative/Synthetic_Intelligence_Labs/Human-Brain-Rat/Software/FPGA/AX301_BOOT_PRJ/top.sv Line: 140
Warning (10858): Verilog HDL warning at top.sv(141): object sd_rd_burst_len used but never assigned File: /home/vincent/MySSD/JupyterProjects/AAA_projects/UnlimitedResearchCooperative/Synthetic_Intelligence_Labs/Human-Brain-Rat/Software/FPGA/AX301_BOOT_PRJ/top.sv Line: 141
Warning (10858): Verilog HDL warning at top.sv(142): object sd_wr_burst_len used but never assigned File: /home/vincent/MySSD/JupyterProjects/AAA_projects/UnlimitedResearchCooperative/Synthetic_Intelligence_Labs/Human-Brain-Rat/Software/FPGA/AX301_BOOT_PRJ/top.sv Line: 142
Warning (10858): Verilog HDL warning at top.sv(143): object sd_rd_burst_addr used but never assigned File: /home/vincent/MySSD/JupyterProjects/AAA_projects/UnlimitedResearchCooperative/Synthetic_Intelligence_Labs/Human-Brain-Rat/Software/FPGA/AX301_BOOT_PRJ/top.sv Line: 143
Warning (10858): Verilog HDL warning at top.sv(144): object sd_wr_burst_addr used but never assigned File: /home/vincent/MySSD/JupyterProjects/AAA_projects/UnlimitedResearchCooperative/Synthetic_Intelligence_Labs/Human-Brain-Rat/Software/FPGA/AX301_BOOT_PRJ/top.sv Line: 144
Warning (10858): Verilog HDL warning at top.sv(145): object sd_wr_burst_data used but never assigned File: /home/vincent/MySSD/JupyterProjects/AAA_projects/UnlimitedResearchCooperative/Synthetic_Intelligence_Labs/Human-Brain-Rat/Software/FPGA/AX301_BOOT_PRJ/top.sv Line: 145
Warning (10858): Verilog HDL warning at top.sv(147): object ov_rd_burst_req used but never assigned File: /home/vincent/MySSD/JupyterProjects/AAA_projects/UnlimitedResearchCooperative/Synthetic_Intelligence_Labs/Human-Brain-Rat/Software/FPGA/AX301_BOOT_PRJ/top.sv Line: 147
Warning (10858): Verilog HDL warning at top.sv(148): object ov_wr_burst_req used but never assigned File: /home/vincent/MySSD/JupyterProjects/AAA_projects/UnlimitedResearchCooperative/Synthetic_Intelligence_Labs/Human-Brain-Rat/Software/FPGA/AX301_BOOT_PRJ/top.sv Line: 148
Warning (10858): Verilog HDL warning at top.sv(149): object ov_rd_burst_len used but never assigned File: /home/vincent/MySSD/JupyterProjects/AAA_projects/UnlimitedResearchCooperative/Synthetic_Intelligence_Labs/Human-Brain-Rat/Software/FPGA/AX301_BOOT_PRJ/top.sv Line: 149
Warning (10858): Verilog HDL warning at top.sv(150): object ov_wr_burst_len used but never assigned File: /home/vincent/MySSD/JupyterProjects/AAA_projects/UnlimitedResearchCooperative/Synthetic_Intelligence_Labs/Human-Brain-Rat/Software/FPGA/AX301_BOOT_PRJ/top.sv Line: 150
Warning (10858): Verilog HDL warning at top.sv(151): object ov_rd_burst_addr used but never assigned File: /home/vincent/MySSD/JupyterProjects/AAA_projects/UnlimitedResearchCooperative/Synthetic_Intelligence_Labs/Human-Brain-Rat/Software/FPGA/AX301_BOOT_PRJ/top.sv Line: 151
Warning (10858): Verilog HDL warning at top.sv(152): object ov_wr_burst_addr used but never assigned File: /home/vincent/MySSD/JupyterProjects/AAA_projects/UnlimitedResearchCooperative/Synthetic_Intelligence_Labs/Human-Brain-Rat/Software/FPGA/AX301_BOOT_PRJ/top.sv Line: 152
Warning (10858): Verilog HDL warning at top.sv(153): object ov_wr_burst_data used but never assigned File: /home/vincent/MySSD/JupyterProjects/AAA_projects/UnlimitedResearchCooperative/Synthetic_Intelligence_Labs/Human-Brain-Rat/Software/FPGA/AX301_BOOT_PRJ/top.sv Line: 153
Warning (10230): Verilog HDL assignment warning at top.sv(319): truncated value with size 32 to match size of target (25) File: /home/vincent/MySSD/JupyterProjects/AAA_projects/UnlimitedResearchCooperative/Synthetic_Intelligence_Labs/Human-Brain-Rat/Software/FPGA/AX301_BOOT_PRJ/top.sv Line: 319
Warning (10030): Net "rtc_seg_sel" at top.sv(97) has no driver or initial value, using a default initial value '0' File: /home/vincent/MySSD/JupyterProjects/AAA_projects/UnlimitedResearchCooperative/Synthetic_Intelligence_Labs/Human-Brain-Rat/Software/FPGA/AX301_BOOT_PRJ/top.sv Line: 97
Warning (10030): Net "rtc_seg_data" at top.sv(98) has no driver or initial value, using a default initial value '0' File: /home/vincent/MySSD/JupyterProjects/AAA_projects/UnlimitedResearchCooperative/Synthetic_Intelligence_Labs/Human-Brain-Rat/Software/FPGA/AX301_BOOT_PRJ/top.sv Line: 98
Warning (10030): Net "eeprom_seg_sel" at top.sv(99) has no driver or initial value, using a default initial value '0' File: /home/vincent/MySSD/JupyterProjects/AAA_projects/UnlimitedResearchCooperative/Synthetic_Intelligence_Labs/Human-Brain-Rat/Software/FPGA/AX301_BOOT_PRJ/top.sv Line: 99
Warning (10030): Net "eeprom_seg_data" at top.sv(100) has no driver or initial value, using a default initial value '0' File: /home/vincent/MySSD/JupyterProjects/AAA_projects/UnlimitedResearchCooperative/Synthetic_Intelligence_Labs/Human-Brain-Rat/Software/FPGA/AX301_BOOT_PRJ/top.sv Line: 100
Warning (10030): Net "sd_seg_sel" at top.sv(101) has no driver or initial value, using a default initial value '0' File: /home/vincent/MySSD/JupyterProjects/AAA_projects/UnlimitedResearchCooperative/Synthetic_Intelligence_Labs/Human-Brain-Rat/Software/FPGA/AX301_BOOT_PRJ/top.sv Line: 101
Warning (10030): Net "sd_seg_data" at top.sv(102) has no driver or initial value, using a default initial value '0' File: /home/vincent/MySSD/JupyterProjects/AAA_projects/UnlimitedResearchCooperative/Synthetic_Intelligence_Labs/Human-Brain-Rat/Software/FPGA/AX301_BOOT_PRJ/top.sv Line: 102
Warning (10030): Net "ext_mem_clk" at top.sv(117) has no driver or initial value, using a default initial value '0' File: /home/vincent/MySSD/JupyterProjects/AAA_projects/UnlimitedResearchCooperative/Synthetic_Intelligence_Labs/Human-Brain-Rat/Software/FPGA/AX301_BOOT_PRJ/top.sv Line: 117
Warning (10034): Output port "sdram_dqm" at top.sv(49) has no driver File: /home/vincent/MySSD/JupyterProjects/AAA_projects/UnlimitedResearchCooperative/Synthetic_Intelligence_Labs/Human-Brain-Rat/Software/FPGA/AX301_BOOT_PRJ/top.sv Line: 49
Warning (10034): Output port "sdram_ba" at top.sv(50) has no driver File: /home/vincent/MySSD/JupyterProjects/AAA_projects/UnlimitedResearchCooperative/Synthetic_Intelligence_Labs/Human-Brain-Rat/Software/FPGA/AX301_BOOT_PRJ/top.sv Line: 50
Warning (10034): Output port "sdram_addr" at top.sv(51) has no driver File: /home/vincent/MySSD/JupyterProjects/AAA_projects/UnlimitedResearchCooperative/Synthetic_Intelligence_Labs/Human-Brain-Rat/Software/FPGA/AX301_BOOT_PRJ/top.sv Line: 51
Warning (10034): Output port "rtc_sclk" at top.sv(8) has no driver File: /home/vincent/MySSD/JupyterProjects/AAA_projects/UnlimitedResearchCooperative/Synthetic_Intelligence_Labs/Human-Brain-Rat/Software/FPGA/AX301_BOOT_PRJ/top.sv Line: 8
Warning (10034): Output port "rtc_ce" at top.sv(9) has no driver File: /home/vincent/MySSD/JupyterProjects/AAA_projects/UnlimitedResearchCooperative/Synthetic_Intelligence_Labs/Human-Brain-Rat/Software/FPGA/AX301_BOOT_PRJ/top.sv Line: 9
Warning (10034): Output port "uart_tx" at top.sv(12) has no driver File: /home/vincent/MySSD/JupyterProjects/AAA_projects/UnlimitedResearchCooperative/Synthetic_Intelligence_Labs/Human-Brain-Rat/Software/FPGA/AX301_BOOT_PRJ/top.sv Line: 12
Warning (10034): Output port "buzzer" at top.sv(25) has no driver File: /home/vincent/MySSD/JupyterProjects/AAA_projects/UnlimitedResearchCooperative/Synthetic_Intelligence_Labs/Human-Brain-Rat/Software/FPGA/AX301_BOOT_PRJ/top.sv Line: 25
Warning (10034): Output port "SD_nCS" at top.sv(27) has no driver File: /home/vincent/MySSD/JupyterProjects/AAA_projects/UnlimitedResearchCooperative/Synthetic_Intelligence_Labs/Human-Brain-Rat/Software/FPGA/AX301_BOOT_PRJ/top.sv Line: 27
Warning (10034): Output port "SD_DCLK" at top.sv(28) has no driver File: /home/vincent/MySSD/JupyterProjects/AAA_projects/UnlimitedResearchCooperative/Synthetic_Intelligence_Labs/Human-Brain-Rat/Software/FPGA/AX301_BOOT_PRJ/top.sv Line: 28
Warning (10034): Output port "SD_MOSI" at top.sv(29) has no driver File: /home/vincent/MySSD/JupyterProjects/AAA_projects/UnlimitedResearchCooperative/Synthetic_Intelligence_Labs/Human-Brain-Rat/Software/FPGA/AX301_BOOT_PRJ/top.sv Line: 29
Warning (10034): Output port "cmos_rst_n" at top.sv(39) has no driver File: /home/vincent/MySSD/JupyterProjects/AAA_projects/UnlimitedResearchCooperative/Synthetic_Intelligence_Labs/Human-Brain-Rat/Software/FPGA/AX301_BOOT_PRJ/top.sv Line: 39
Warning (10034): Output port "cmos_pwdn" at top.sv(40) has no driver File: /home/vincent/MySSD/JupyterProjects/AAA_projects/UnlimitedResearchCooperative/Synthetic_Intelligence_Labs/Human-Brain-Rat/Software/FPGA/AX301_BOOT_PRJ/top.sv Line: 40
Warning (10034): Output port "sdram_cke" at top.sv(44) has no driver File: /home/vincent/MySSD/JupyterProjects/AAA_projects/UnlimitedResearchCooperative/Synthetic_Intelligence_Labs/Human-Brain-Rat/Software/FPGA/AX301_BOOT_PRJ/top.sv Line: 44
Warning (10034): Output port "sdram_cs_n" at top.sv(45) has no driver File: /home/vincent/MySSD/JupyterProjects/AAA_projects/UnlimitedResearchCooperative/Synthetic_Intelligence_Labs/Human-Brain-Rat/Software/FPGA/AX301_BOOT_PRJ/top.sv Line: 45
Warning (10034): Output port "sdram_we_n" at top.sv(46) has no driver File: /home/vincent/MySSD/JupyterProjects/AAA_projects/UnlimitedResearchCooperative/Synthetic_Intelligence_Labs/Human-Brain-Rat/Software/FPGA/AX301_BOOT_PRJ/top.sv Line: 46
Warning (10034): Output port "sdram_cas_n" at top.sv(47) has no driver File: /home/vincent/MySSD/JupyterProjects/AAA_projects/UnlimitedResearchCooperative/Synthetic_Intelligence_Labs/Human-Brain-Rat/Software/FPGA/AX301_BOOT_PRJ/top.sv Line: 47
Warning (10034): Output port "sdram_ras_n" at top.sv(48) has no driver File: /home/vincent/MySSD/JupyterProjects/AAA_projects/UnlimitedResearchCooperative/Synthetic_Intelligence_Labs/Human-Brain-Rat/Software/FPGA/AX301_BOOT_PRJ/top.sv Line: 48
Info (12128): Elaborating entity "uart_rx" for hierarchy "uart_rx:uart_receiver_inst" File: /home/vincent/MySSD/JupyterProjects/AAA_projects/UnlimitedResearchCooperative/Synthetic_Intelligence_Labs/Human-Brain-Rat/Software/FPGA/AX301_BOOT_PRJ/top.sv Line: 70
Warning (10230): Verilog HDL assignment warning at uart_rx.sv(112): truncated value with size 32 to match size of target (3) File: /home/vincent/MySSD/JupyterProjects/AAA_projects/UnlimitedResearchCooperative/Synthetic_Intelligence_Labs/Human-Brain-Rat/Software/FPGA/AX301_BOOT_PRJ/source/uart_rx.sv Line: 112
Warning (10230): Verilog HDL assignment warning at uart_rx.sv(130): truncated value with size 32 to match size of target (6) File: /home/vincent/MySSD/JupyterProjects/AAA_projects/UnlimitedResearchCooperative/Synthetic_Intelligence_Labs/Human-Brain-Rat/Software/FPGA/AX301_BOOT_PRJ/source/uart_rx.sv Line: 130
Warning (10230): Verilog HDL assignment warning at uart_rx.sv(133): truncated value with size 32 to match size of target (16) File: /home/vincent/MySSD/JupyterProjects/AAA_projects/UnlimitedResearchCooperative/Synthetic_Intelligence_Labs/Human-Brain-Rat/Software/FPGA/AX301_BOOT_PRJ/source/uart_rx.sv Line: 133
Info (12128): Elaborating entity "i2s_tx" for hierarchy "i2s_tx:i2s_transmitter_inst" File: /home/vincent/MySSD/JupyterProjects/AAA_projects/UnlimitedResearchCooperative/Synthetic_Intelligence_Labs/Human-Brain-Rat/Software/FPGA/AX301_BOOT_PRJ/top.sv Line: 81
Warning (10230): Verilog HDL assignment warning at i2s_tx.sv(52): truncated value with size 32 to match size of target (5) File: /home/vincent/MySSD/JupyterProjects/AAA_projects/UnlimitedResearchCooperative/Synthetic_Intelligence_Labs/Human-Brain-Rat/Software/FPGA/AX301_BOOT_PRJ/i2s_tx.sv Line: 52
Warning (10230): Verilog HDL assignment warning at i2s_tx.sv(55): truncated value with size 32 to match size of target (5) File: /home/vincent/MySSD/JupyterProjects/AAA_projects/UnlimitedResearchCooperative/Synthetic_Intelligence_Labs/Human-Brain-Rat/Software/FPGA/AX301_BOOT_PRJ/i2s_tx.sv Line: 55
Info (12128): Elaborating entity "ax_debounce" for hierarchy "ax_debounce:ax_debounce_a0" File: /home/vincent/MySSD/JupyterProjects/AAA_projects/UnlimitedResearchCooperative/Synthetic_Intelligence_Labs/Human-Brain-Rat/Software/FPGA/AX301_BOOT_PRJ/top.sv Line: 231
Warning (12241): 1 hierarchies have connectivity warnings - see the Connectivity Checks report folder
Warning (13039): The following bidirectional pins have no drivers
    Warning (13040): bidirectional pin "rtc_data" has no driver File: /home/vincent/MySSD/JupyterProjects/AAA_projects/UnlimitedResearchCooperative/Synthetic_Intelligence_Labs/Human-Brain-Rat/Software/FPGA/AX301_BOOT_PRJ/top.sv Line: 10
    Warning (13040): bidirectional pin "i2c_sda" has no driver File: /home/vincent/MySSD/JupyterProjects/AAA_projects/UnlimitedResearchCooperative/Synthetic_Intelligence_Labs/Human-Brain-Rat/Software/FPGA/AX301_BOOT_PRJ/top.sv Line: 15
    Warning (13040): bidirectional pin "i2c_scl" has no driver File: /home/vincent/MySSD/JupyterProjects/AAA_projects/UnlimitedResearchCooperative/Synthetic_Intelligence_Labs/Human-Brain-Rat/Software/FPGA/AX301_BOOT_PRJ/top.sv Line: 16
    Warning (13040): bidirectional pin "cmos_scl" has no driver File: /home/vincent/MySSD/JupyterProjects/AAA_projects/UnlimitedResearchCooperative/Synthetic_Intelligence_Labs/Human-Brain-Rat/Software/FPGA/AX301_BOOT_PRJ/top.sv Line: 32
    Warning (13040): bidirectional pin "cmos_sda" has no driver File: /home/vincent/MySSD/JupyterProjects/AAA_projects/UnlimitedResearchCooperative/Synthetic_Intelligence_Labs/Human-Brain-Rat/Software/FPGA/AX301_BOOT_PRJ/top.sv Line: 33
    Warning (13040): bidirectional pin "sdram_dq[0]" has no driver File: /home/vincent/MySSD/JupyterProjects/AAA_projects/UnlimitedResearchCooperative/Synthetic_Intelligence_Labs/Human-Brain-Rat/Software/FPGA/AX301_BOOT_PRJ/top.sv Line: 54
    Warning (13040): bidirectional pin "sdram_dq[1]" has no driver File: /home/vincent/MySSD/JupyterProjects/AAA_projects/UnlimitedResearchCooperative/Synthetic_Intelligence_Labs/Human-Brain-Rat/Software/FPGA/AX301_BOOT_PRJ/top.sv Line: 54
    Warning (13040): bidirectional pin "sdram_dq[2]" has no driver File: /home/vincent/MySSD/JupyterProjects/AAA_projects/UnlimitedResearchCooperative/Synthetic_Intelligence_Labs/Human-Brain-Rat/Software/FPGA/AX301_BOOT_PRJ/top.sv Line: 54
    Warning (13040): bidirectional pin "sdram_dq[3]" has no driver File: /home/vincent/MySSD/JupyterProjects/AAA_projects/UnlimitedResearchCooperative/Synthetic_Intelligence_Labs/Human-Brain-Rat/Software/FPGA/AX301_BOOT_PRJ/top.sv Line: 54
    Warning (13040): bidirectional pin "sdram_dq[4]" has no driver File: /home/vincent/MySSD/JupyterProjects/AAA_projects/UnlimitedResearchCooperative/Synthetic_Intelligence_Labs/Human-Brain-Rat/Software/FPGA/AX301_BOOT_PRJ/top.sv Line: 54
    Warning (13040): bidirectional pin "sdram_dq[5]" has no driver File: /home/vincent/MySSD/JupyterProjects/AAA_projects/UnlimitedResearchCooperative/Synthetic_Intelligence_Labs/Human-Brain-Rat/Software/FPGA/AX301_BOOT_PRJ/top.sv Line: 54
    Warning (13040): bidirectional pin "sdram_dq[6]" has no driver File: /home/vincent/MySSD/JupyterProjects/AAA_projects/UnlimitedResearchCooperative/Synthetic_Intelligence_Labs/Human-Brain-Rat/Software/FPGA/AX301_BOOT_PRJ/top.sv Line: 54
    Warning (13040): bidirectional pin "sdram_dq[7]" has no driver File: /home/vincent/MySSD/JupyterProjects/AAA_projects/UnlimitedResearchCooperative/Synthetic_Intelligence_Labs/Human-Brain-Rat/Software/FPGA/AX301_BOOT_PRJ/top.sv Line: 54
    Warning (13040): bidirectional pin "sdram_dq[8]" has no driver File: /home/vincent/MySSD/JupyterProjects/AAA_projects/UnlimitedResearchCooperative/Synthetic_Intelligence_Labs/Human-Brain-Rat/Software/FPGA/AX301_BOOT_PRJ/top.sv Line: 54
    Warning (13040): bidirectional pin "sdram_dq[9]" has no driver File: /home/vincent/MySSD/JupyterProjects/AAA_projects/UnlimitedResearchCooperative/Synthetic_Intelligence_Labs/Human-Brain-Rat/Software/FPGA/AX301_BOOT_PRJ/top.sv Line: 54
    Warning (13040): bidirectional pin "sdram_dq[10]" has no driver File: /home/vincent/MySSD/JupyterProjects/AAA_projects/UnlimitedResearchCooperative/Synthetic_Intelligence_Labs/Human-Brain-Rat/Software/FPGA/AX301_BOOT_PRJ/top.sv Line: 54
    Warning (13040): bidirectional pin "sdram_dq[11]" has no driver File: /home/vincent/MySSD/JupyterProjects/AAA_projects/UnlimitedResearchCooperative/Synthetic_Intelligence_Labs/Human-Brain-Rat/Software/FPGA/AX301_BOOT_PRJ/top.sv Line: 54
    Warning (13040): bidirectional pin "sdram_dq[12]" has no driver File: /home/vincent/MySSD/JupyterProjects/AAA_projects/UnlimitedResearchCooperative/Synthetic_Intelligence_Labs/Human-Brain-Rat/Software/FPGA/AX301_BOOT_PRJ/top.sv Line: 54
    Warning (13040): bidirectional pin "sdram_dq[13]" has no driver File: /home/vincent/MySSD/JupyterProjects/AAA_projects/UnlimitedResearchCooperative/Synthetic_Intelligence_Labs/Human-Brain-Rat/Software/FPGA/AX301_BOOT_PRJ/top.sv Line: 54
    Warning (13040): bidirectional pin "sdram_dq[14]" has no driver File: /home/vincent/MySSD/JupyterProjects/AAA_projects/UnlimitedResearchCooperative/Synthetic_Intelligence_Labs/Human-Brain-Rat/Software/FPGA/AX301_BOOT_PRJ/top.sv Line: 54
    Warning (13040): bidirectional pin "sdram_dq[15]" has no driver File: /home/vincent/MySSD/JupyterProjects/AAA_projects/UnlimitedResearchCooperative/Synthetic_Intelligence_Labs/Human-Brain-Rat/Software/FPGA/AX301_BOOT_PRJ/top.sv Line: 54
Warning (13024): Output pins are stuck at VCC or GND
    Warning (13410): Pin "led[0]" is stuck at GND File: /home/vincent/MySSD/JupyterProjects/AAA_projects/UnlimitedResearchCooperative/Synthetic_Intelligence_Labs/Human-Brain-Rat/Software/FPGA/AX301_BOOT_PRJ/top.sv Line: 5
    Warning (13410): Pin "led[1]" is stuck at GND File: /home/vincent/MySSD/JupyterProjects/AAA_projects/UnlimitedResearchCooperative/Synthetic_Intelligence_Labs/Human-Brain-Rat/Software/FPGA/AX301_BOOT_PRJ/top.sv Line: 5
    Warning (13410): Pin "led[2]" is stuck at GND File: /home/vincent/MySSD/JupyterProjects/AAA_projects/UnlimitedResearchCooperative/Synthetic_Intelligence_Labs/Human-Brain-Rat/Software/FPGA/AX301_BOOT_PRJ/top.sv Line: 5
    Warning (13410): Pin "led[3]" is stuck at GND File: /home/vincent/MySSD/JupyterProjects/AAA_projects/UnlimitedResearchCooperative/Synthetic_Intelligence_Labs/Human-Brain-Rat/Software/FPGA/AX301_BOOT_PRJ/top.sv Line: 5
    Warning (13410): Pin "rtc_sclk" is stuck at GND File: /home/vincent/MySSD/JupyterProjects/AAA_projects/UnlimitedResearchCooperative/Synthetic_Intelligence_Labs/Human-Brain-Rat/Software/FPGA/AX301_BOOT_PRJ/top.sv Line: 8
    Warning (13410): Pin "rtc_ce" is stuck at GND File: /home/vincent/MySSD/JupyterProjects/AAA_projects/UnlimitedResearchCooperative/Synthetic_Intelligence_Labs/Human-Brain-Rat/Software/FPGA/AX301_BOOT_PRJ/top.sv Line: 9
    Warning (13410): Pin "uart_tx" is stuck at GND File: /home/vincent/MySSD/JupyterProjects/AAA_projects/UnlimitedResearchCooperative/Synthetic_Intelligence_Labs/Human-Brain-Rat/Software/FPGA/AX301_BOOT_PRJ/top.sv Line: 12
    Warning (13410): Pin "seg_sel[0]" is stuck at GND File: /home/vincent/MySSD/JupyterProjects/AAA_projects/UnlimitedResearchCooperative/Synthetic_Intelligence_Labs/Human-Brain-Rat/Software/FPGA/AX301_BOOT_PRJ/top.sv Line: 344
    Warning (13410): Pin "seg_sel[1]" is stuck at GND File: /home/vincent/MySSD/JupyterProjects/AAA_projects/UnlimitedResearchCooperative/Synthetic_Intelligence_Labs/Human-Brain-Rat/Software/FPGA/AX301_BOOT_PRJ/top.sv Line: 344
    Warning (13410): Pin "seg_sel[2]" is stuck at GND File: /home/vincent/MySSD/JupyterProjects/AAA_projects/UnlimitedResearchCooperative/Synthetic_Intelligence_Labs/Human-Brain-Rat/Software/FPGA/AX301_BOOT_PRJ/top.sv Line: 344
    Warning (13410): Pin "seg_sel[3]" is stuck at GND File: /home/vincent/MySSD/JupyterProjects/AAA_projects/UnlimitedResearchCooperative/Synthetic_Intelligence_Labs/Human-Brain-Rat/Software/FPGA/AX301_BOOT_PRJ/top.sv Line: 344
    Warning (13410): Pin "seg_sel[4]" is stuck at GND File: /home/vincent/MySSD/JupyterProjects/AAA_projects/UnlimitedResearchCooperative/Synthetic_Intelligence_Labs/Human-Brain-Rat/Software/FPGA/AX301_BOOT_PRJ/top.sv Line: 344
    Warning (13410): Pin "seg_sel[5]" is stuck at GND File: /home/vincent/MySSD/JupyterProjects/AAA_projects/UnlimitedResearchCooperative/Synthetic_Intelligence_Labs/Human-Brain-Rat/Software/FPGA/AX301_BOOT_PRJ/top.sv Line: 344
    Warning (13410): Pin "seg_data[0]" is stuck at GND File: /home/vincent/MySSD/JupyterProjects/AAA_projects/UnlimitedResearchCooperative/Synthetic_Intelligence_Labs/Human-Brain-Rat/Software/FPGA/AX301_BOOT_PRJ/top.sv Line: 344
    Warning (13410): Pin "seg_data[1]" is stuck at GND File: /home/vincent/MySSD/JupyterProjects/AAA_projects/UnlimitedResearchCooperative/Synthetic_Intelligence_Labs/Human-Brain-Rat/Software/FPGA/AX301_BOOT_PRJ/top.sv Line: 344
    Warning (13410): Pin "seg_data[2]" is stuck at GND File: /home/vincent/MySSD/JupyterProjects/AAA_projects/UnlimitedResearchCooperative/Synthetic_Intelligence_Labs/Human-Brain-Rat/Software/FPGA/AX301_BOOT_PRJ/top.sv Line: 344
    Warning (13410): Pin "seg_data[3]" is stuck at GND File: /home/vincent/MySSD/JupyterProjects/AAA_projects/UnlimitedResearchCooperative/Synthetic_Intelligence_Labs/Human-Brain-Rat/Software/FPGA/AX301_BOOT_PRJ/top.sv Line: 344
    Warning (13410): Pin "seg_data[4]" is stuck at GND File: /home/vincent/MySSD/JupyterProjects/AAA_projects/UnlimitedResearchCooperative/Synthetic_Intelligence_Labs/Human-Brain-Rat/Software/FPGA/AX301_BOOT_PRJ/top.sv Line: 344
    Warning (13410): Pin "seg_data[5]" is stuck at GND File: /home/vincent/MySSD/JupyterProjects/AAA_projects/UnlimitedResearchCooperative/Synthetic_Intelligence_Labs/Human-Brain-Rat/Software/FPGA/AX301_BOOT_PRJ/top.sv Line: 344
    Warning (13410): Pin "seg_data[6]" is stuck at GND File: /home/vincent/MySSD/JupyterProjects/AAA_projects/UnlimitedResearchCooperative/Synthetic_Intelligence_Labs/Human-Brain-Rat/Software/FPGA/AX301_BOOT_PRJ/top.sv Line: 344
    Warning (13410): Pin "seg_data[7]" is stuck at GND File: /home/vincent/MySSD/JupyterProjects/AAA_projects/UnlimitedResearchCooperative/Synthetic_Intelligence_Labs/Human-Brain-Rat/Software/FPGA/AX301_BOOT_PRJ/top.sv Line: 344
    Warning (13410): Pin "buzzer" is stuck at GND File: /home/vincent/MySSD/JupyterProjects/AAA_projects/UnlimitedResearchCooperative/Synthetic_Intelligence_Labs/Human-Brain-Rat/Software/FPGA/AX301_BOOT_PRJ/top.sv Line: 25
    Warning (13410): Pin "SD_nCS" is stuck at GND File: /home/vincent/MySSD/JupyterProjects/AAA_projects/UnlimitedResearchCooperative/Synthetic_Intelligence_Labs/Human-Brain-Rat/Software/FPGA/AX301_BOOT_PRJ/top.sv Line: 27
    Warning (13410): Pin "SD_DCLK" is stuck at GND File: /home/vincent/MySSD/JupyterProjects/AAA_projects/UnlimitedResearchCooperative/Synthetic_Intelligence_Labs/Human-Brain-Rat/Software/FPGA/AX301_BOOT_PRJ/top.sv Line: 28
    Warning (13410): Pin "SD_MOSI" is stuck at GND File: /home/vincent/MySSD/JupyterProjects/AAA_projects/UnlimitedResearchCooperative/Synthetic_Intelligence_Labs/Human-Brain-Rat/Software/FPGA/AX301_BOOT_PRJ/top.sv Line: 29
    Warning (13410): Pin "cmos_xclk" is stuck at GND File: /home/vincent/MySSD/JupyterProjects/AAA_projects/UnlimitedResearchCooperative/Synthetic_Intelligence_Labs/Human-Brain-Rat/Software/FPGA/AX301_BOOT_PRJ/top.sv Line: 37
    Warning (13410): Pin "cmos_rst_n" is stuck at GND File: /home/vincent/MySSD/JupyterProjects/AAA_projects/UnlimitedResearchCooperative/Synthetic_Intelligence_Labs/Human-Brain-Rat/Software/FPGA/AX301_BOOT_PRJ/top.sv Line: 39
    Warning (13410): Pin "cmos_pwdn" is stuck at GND File: /home/vincent/MySSD/JupyterProjects/AAA_projects/UnlimitedResearchCooperative/Synthetic_Intelligence_Labs/Human-Brain-Rat/Software/FPGA/AX301_BOOT_PRJ/top.sv Line: 40
    Warning (13410): Pin "sdram_clk" is stuck at GND File: /home/vincent/MySSD/JupyterProjects/AAA_projects/UnlimitedResearchCooperative/Synthetic_Intelligence_Labs/Human-Brain-Rat/Software/FPGA/AX301_BOOT_PRJ/top.sv Line: 43
    Warning (13410): Pin "sdram_cke" is stuck at GND File: /home/vincent/MySSD/JupyterProjects/AAA_projects/UnlimitedResearchCooperative/Synthetic_Intelligence_Labs/Human-Brain-Rat/Software/FPGA/AX301_BOOT_PRJ/top.sv Line: 44
    Warning (13410): Pin "sdram_cs_n" is stuck at GND File: /home/vincent/MySSD/JupyterProjects/AAA_projects/UnlimitedResearchCooperative/Synthetic_Intelligence_Labs/Human-Brain-Rat/Software/FPGA/AX301_BOOT_PRJ/top.sv Line: 45
    Warning (13410): Pin "sdram_we_n" is stuck at GND File: /home/vincent/MySSD/JupyterProjects/AAA_projects/UnlimitedResearchCooperative/Synthetic_Intelligence_Labs/Human-Brain-Rat/Software/FPGA/AX301_BOOT_PRJ/top.sv Line: 46
    Warning (13410): Pin "sdram_cas_n" is stuck at GND File: /home/vincent/MySSD/JupyterProjects/AAA_projects/UnlimitedResearchCooperative/Synthetic_Intelligence_Labs/Human-Brain-Rat/Software/FPGA/AX301_BOOT_PRJ/top.sv Line: 47
    Warning (13410): Pin "sdram_ras_n" is stuck at GND File: /home/vincent/MySSD/JupyterProjects/AAA_projects/UnlimitedResearchCooperative/Synthetic_Intelligence_Labs/Human-Brain-Rat/Software/FPGA/AX301_BOOT_PRJ/top.sv Line: 48
    Warning (13410): Pin "sdram_dqm[0]" is stuck at GND File: /home/vincent/MySSD/JupyterProjects/AAA_projects/UnlimitedResearchCooperative/Synthetic_Intelligence_Labs/Human-Brain-Rat/Software/FPGA/AX301_BOOT_PRJ/top.sv Line: 49
    Warning (13410): Pin "sdram_dqm[1]" is stuck at GND File: /home/vincent/MySSD/JupyterProjects/AAA_projects/UnlimitedResearchCooperative/Synthetic_Intelligence_Labs/Human-Brain-Rat/Software/FPGA/AX301_BOOT_PRJ/top.sv Line: 49
    Warning (13410): Pin "sdram_ba[0]" is stuck at GND File: /home/vincent/MySSD/JupyterProjects/AAA_projects/UnlimitedResearchCooperative/Synthetic_Intelligence_Labs/Human-Brain-Rat/Software/FPGA/AX301_BOOT_PRJ/top.sv Line: 50
    Warning (13410): Pin "sdram_ba[1]" is stuck at GND File: /home/vincent/MySSD/JupyterProjects/AAA_projects/UnlimitedResearchCooperative/Synthetic_Intelligence_Labs/Human-Brain-Rat/Software/FPGA/AX301_BOOT_PRJ/top.sv Line: 50
    Warning (13410): Pin "sdram_addr[0]" is stuck at GND File: /home/vincent/MySSD/JupyterProjects/AAA_projects/UnlimitedResearchCooperative/Synthetic_Intelligence_Labs/Human-Brain-Rat/Software/FPGA/AX301_BOOT_PRJ/top.sv Line: 51
    Warning (13410): Pin "sdram_addr[1]" is stuck at GND File: /home/vincent/MySSD/JupyterProjects/AAA_projects/UnlimitedResearchCooperative/Synthetic_Intelligence_Labs/Human-Brain-Rat/Software/FPGA/AX301_BOOT_PRJ/top.sv Line: 51
    Warning (13410): Pin "sdram_addr[2]" is stuck at GND File: /home/vincent/MySSD/JupyterProjects/AAA_projects/UnlimitedResearchCooperative/Synthetic_Intelligence_Labs/Human-Brain-Rat/Software/FPGA/AX301_BOOT_PRJ/top.sv Line: 51
    Warning (13410): Pin "sdram_addr[3]" is stuck at GND File: /home/vincent/MySSD/JupyterProjects/AAA_projects/UnlimitedResearchCooperative/Synthetic_Intelligence_Labs/Human-Brain-Rat/Software/FPGA/AX301_BOOT_PRJ/top.sv Line: 51
    Warning (13410): Pin "sdram_addr[4]" is stuck at GND File: /home/vincent/MySSD/JupyterProjects/AAA_projects/UnlimitedResearchCooperative/Synthetic_Intelligence_Labs/Human-Brain-Rat/Software/FPGA/AX301_BOOT_PRJ/top.sv Line: 51
    Warning (13410): Pin "sdram_addr[5]" is stuck at GND File: /home/vincent/MySSD/JupyterProjects/AAA_projects/UnlimitedResearchCooperative/Synthetic_Intelligence_Labs/Human-Brain-Rat/Software/FPGA/AX301_BOOT_PRJ/top.sv Line: 51
    Warning (13410): Pin "sdram_addr[6]" is stuck at GND File: /home/vincent/MySSD/JupyterProjects/AAA_projects/UnlimitedResearchCooperative/Synthetic_Intelligence_Labs/Human-Brain-Rat/Software/FPGA/AX301_BOOT_PRJ/top.sv Line: 51
    Warning (13410): Pin "sdram_addr[7]" is stuck at GND File: /home/vincent/MySSD/JupyterProjects/AAA_projects/UnlimitedResearchCooperative/Synthetic_Intelligence_Labs/Human-Brain-Rat/Software/FPGA/AX301_BOOT_PRJ/top.sv Line: 51
    Warning (13410): Pin "sdram_addr[8]" is stuck at GND File: /home/vincent/MySSD/JupyterProjects/AAA_projects/UnlimitedResearchCooperative/Synthetic_Intelligence_Labs/Human-Brain-Rat/Software/FPGA/AX301_BOOT_PRJ/top.sv Line: 51
    Warning (13410): Pin "sdram_addr[9]" is stuck at GND File: /home/vincent/MySSD/JupyterProjects/AAA_projects/UnlimitedResearchCooperative/Synthetic_Intelligence_Labs/Human-Brain-Rat/Software/FPGA/AX301_BOOT_PRJ/top.sv Line: 51
    Warning (13410): Pin "sdram_addr[10]" is stuck at GND File: /home/vincent/MySSD/JupyterProjects/AAA_projects/UnlimitedResearchCooperative/Synthetic_Intelligence_Labs/Human-Brain-Rat/Software/FPGA/AX301_BOOT_PRJ/top.sv Line: 51
    Warning (13410): Pin "sdram_addr[11]" is stuck at GND File: /home/vincent/MySSD/JupyterProjects/AAA_projects/UnlimitedResearchCooperative/Synthetic_Intelligence_Labs/Human-Brain-Rat/Software/FPGA/AX301_BOOT_PRJ/top.sv Line: 51
    Warning (13410): Pin "sdram_addr[12]" is stuck at GND File: /home/vincent/MySSD/JupyterProjects/AAA_projects/UnlimitedResearchCooperative/Synthetic_Intelligence_Labs/Human-Brain-Rat/Software/FPGA/AX301_BOOT_PRJ/top.sv Line: 51
Info (17049): 121 registers lost all their fanouts during netlist optimizations.
Info (16010): Generating hard_block partition "hard_block:auto_generated_inst"
    Info (16011): Adding 0 node(s), including 0 DDIO, 0 PLL, 0 transceiver and 0 LCELL
Warning (21074): Design contains 18 input pin(s) that do not drive logic
    Warning (15610): No output dependent on input pin "key4" File: /home/vincent/MySSD/JupyterProjects/AAA_projects/UnlimitedResearchCooperative/Synthetic_Intelligence_Labs/Human-Brain-Rat/Software/FPGA/AX301_BOOT_PRJ/top.sv Line: 21
    Warning (15610): No output dependent on input pin "SD_MISO" File: /home/vincent/MySSD/JupyterProjects/AAA_projects/UnlimitedResearchCooperative/Synthetic_Intelligence_Labs/Human-Brain-Rat/Software/FPGA/AX301_BOOT_PRJ/top.sv Line: 30
    Warning (15610): No output dependent on input pin "cmos_vsync" File: /home/vincent/MySSD/JupyterProjects/AAA_projects/UnlimitedResearchCooperative/Synthetic_Intelligence_Labs/Human-Brain-Rat/Software/FPGA/AX301_BOOT_PRJ/top.sv Line: 34
    Warning (15610): No output dependent on input pin "cmos_href" File: /home/vincent/MySSD/JupyterProjects/AAA_projects/UnlimitedResearchCooperative/Synthetic_Intelligence_Labs/Human-Brain-Rat/Software/FPGA/AX301_BOOT_PRJ/top.sv Line: 35
    Warning (15610): No output dependent on input pin "cmos_pclk" File: /home/vincent/MySSD/JupyterProjects/AAA_projects/UnlimitedResearchCooperative/Synthetic_Intelligence_Labs/Human-Brain-Rat/Software/FPGA/AX301_BOOT_PRJ/top.sv Line: 36
    Warning (15610): No output dependent on input pin "cmos_db[0]" File: /home/vincent/MySSD/JupyterProjects/AAA_projects/UnlimitedResearchCooperative/Synthetic_Intelligence_Labs/Human-Brain-Rat/Software/FPGA/AX301_BOOT_PRJ/top.sv Line: 38
    Warning (15610): No output dependent on input pin "cmos_db[1]" File: /home/vincent/MySSD/JupyterProjects/AAA_projects/UnlimitedResearchCooperative/Synthetic_Intelligence_Labs/Human-Brain-Rat/Software/FPGA/AX301_BOOT_PRJ/top.sv Line: 38
    Warning (15610): No output dependent on input pin "cmos_db[2]" File: /home/vincent/MySSD/JupyterProjects/AAA_projects/UnlimitedResearchCooperative/Synthetic_Intelligence_Labs/Human-Brain-Rat/Software/FPGA/AX301_BOOT_PRJ/top.sv Line: 38
    Warning (15610): No output dependent on input pin "cmos_db[3]" File: /home/vincent/MySSD/JupyterProjects/AAA_projects/UnlimitedResearchCooperative/Synthetic_Intelligence_Labs/Human-Brain-Rat/Software/FPGA/AX301_BOOT_PRJ/top.sv Line: 38
    Warning (15610): No output dependent on input pin "cmos_db[4]" File: /home/vincent/MySSD/JupyterProjects/AAA_projects/UnlimitedResearchCooperative/Synthetic_Intelligence_Labs/Human-Brain-Rat/Software/FPGA/AX301_BOOT_PRJ/top.sv Line: 38
    Warning (15610): No output dependent on input pin "cmos_db[5]" File: /home/vincent/MySSD/JupyterProjects/AAA_projects/UnlimitedResearchCooperative/Synthetic_Intelligence_Labs/Human-Brain-Rat/Software/FPGA/AX301_BOOT_PRJ/top.sv Line: 38
    Warning (15610): No output dependent on input pin "cmos_db[6]" File: /home/vincent/MySSD/JupyterProjects/AAA_projects/UnlimitedResearchCooperative/Synthetic_Intelligence_Labs/Human-Brain-Rat/Software/FPGA/AX301_BOOT_PRJ/top.sv Line: 38
    Warning (15610): No output dependent on input pin "cmos_db[7]" File: /home/vincent/MySSD/JupyterProjects/AAA_projects/UnlimitedResearchCooperative/Synthetic_Intelligence_Labs/Human-Brain-Rat/Software/FPGA/AX301_BOOT_PRJ/top.sv Line: 38
    Warning (15610): No output dependent on input pin "clk" File: /home/vincent/MySSD/JupyterProjects/AAA_projects/UnlimitedResearchCooperative/Synthetic_Intelligence_Labs/Human-Brain-Rat/Software/FPGA/AX301_BOOT_PRJ/top.sv Line: 2
    Warning (15610): No output dependent on input pin "rst_n" File: /home/vincent/MySSD/JupyterProjects/AAA_projects/UnlimitedResearchCooperative/Synthetic_Intelligence_Labs/Human-Brain-Rat/Software/FPGA/AX301_BOOT_PRJ/top.sv Line: 3
    Warning (15610): No output dependent on input pin "uart_rx" File: /home/vincent/MySSD/JupyterProjects/AAA_projects/UnlimitedResearchCooperative/Synthetic_Intelligence_Labs/Human-Brain-Rat/Software/FPGA/AX301_BOOT_PRJ/top.sv Line: 11
    Warning (15610): No output dependent on input pin "key3" File: /home/vincent/MySSD/JupyterProjects/AAA_projects/UnlimitedResearchCooperative/Synthetic_Intelligence_Labs/Human-Brain-Rat/Software/FPGA/AX301_BOOT_PRJ/top.sv Line: 14
    Warning (15610): No output dependent on input pin "key2" File: /home/vincent/MySSD/JupyterProjects/AAA_projects/UnlimitedResearchCooperative/Synthetic_Intelligence_Labs/Human-Brain-Rat/Software/FPGA/AX301_BOOT_PRJ/top.sv Line: 4
Info (21057): Implemented 90 device resources after synthesis - the final resource count might be different
    Info (21058): Implemented 18 input pins
    Info (21059): Implemented 51 output pins
    Info (21060): Implemented 21 bidirectional pins
Info: Quartus Prime Analysis & Synthesis was successful. 0 errors, 165 warnings
    Info: Peak virtual memory: 374 megabytes
    Info: Processing ended: Tue Feb  6 15:07:44 2024
    Info: Elapsed time: 00:00:04
    Info: Total CPU time (on all processors): 00:00:13


